;  LST file generated by mikroListExporter - v.2.0 
; Date/Time: 16/09/2013 15:40:43
;----------------------------------------------

;Address Opcode 	ASM
0x0000	0x297F      	GOTO       383
_interrupt:
0x0004	0x00FF      	MOVWF      R15
0x0005	0x0E03      	SWAPF      STATUS, 0
0x0006	0x0183      	CLRF       STATUS
0x0007	0x00B6      	MOVWF      ___saveSTATUS
0x0008	0x080A      	MOVF       PCLATH, 0
0x0009	0x00B5      	MOVWF      ___savePCLATH
0x000A	0x018A      	CLRF       PCLATH
0x000B	0x0870      	MOVF       R0, 0
0x000C	0x00A0      	MOVWF      32
;Relogio_digital_timer0.c,21 :: 		void interrupt()
;Relogio_digital_timer0.c,23 :: 		TMR0=5;
0x000D	0x3005      	MOVLW      5
0x000E	0x0081      	MOVWF      TMR0
;Relogio_digital_timer0.c,24 :: 		cnt++;
0x000F	0x0AAE      	INCF       _cnt, 1
0x0010	0x1903      	BTFSC      STATUS, 2
0x0011	0x0AAF      	INCF       _cnt+1, 1
;Relogio_digital_timer0.c,25 :: 		INTCON.TMR0IF=0;
0x0012	0x110B      	BCF        INTCON, 2
;Relogio_digital_timer0.c,26 :: 		if(cnt==1000){
0x0013	0x082F      	MOVF       _cnt+1, 0
0x0014	0x3A03      	XORLW      3
0x0015	0x1D03      	BTFSS      STATUS, 2
0x0016	0x2819      	GOTO       L__interrupt42
0x0017	0x30E8      	MOVLW      232
0x0018	0x062E      	XORWF      _cnt, 0
L__interrupt42:
0x0019	0x1D03      	BTFSS      STATUS, 2
0x001A	0x2838      	GOTO       L_interrupt0
;Relogio_digital_timer0.c,27 :: 		cnt = 0;
0x001B	0x01AE      	CLRF       _cnt
0x001C	0x01AF      	CLRF       _cnt+1
;Relogio_digital_timer0.c,28 :: 		seg++;
0x001D	0x0AB2      	INCF       _seg, 1
;Relogio_digital_timer0.c,29 :: 		if(seg==60){
0x001E	0x0832      	MOVF       _seg, 0
0x001F	0x3A3C      	XORLW      60
0x0020	0x1D03      	BTFSS      STATUS, 2
0x0021	0x2838      	GOTO       L_interrupt1
;Relogio_digital_timer0.c,30 :: 		seg=0;
0x0022	0x01B2      	CLRF       _seg
;Relogio_digital_timer0.c,31 :: 		m++;
0x0023	0x0AB3      	INCF       _m, 1
;Relogio_digital_timer0.c,32 :: 		if(m==60){
0x0024	0x0833      	MOVF       _m, 0
0x0025	0x3A3C      	XORLW      60
0x0026	0x1D03      	BTFSS      STATUS, 2
0x0027	0x2838      	GOTO       L_interrupt2
;Relogio_digital_timer0.c,33 :: 		seg=0;
0x0028	0x01B2      	CLRF       _seg
;Relogio_digital_timer0.c,34 :: 		m=0;
0x0029	0x01B3      	CLRF       _m
;Relogio_digital_timer0.c,35 :: 		h++;
0x002A	0x0AB4      	INCF       _h, 1
;Relogio_digital_timer0.c,36 :: 		if(h==24){
0x002B	0x0834      	MOVF       _h, 0
0x002C	0x3A18      	XORLW      24
0x002D	0x1D03      	BTFSS      STATUS, 2
0x002E	0x2838      	GOTO       L_interrupt3
;Relogio_digital_timer0.c,37 :: 		seg=0;
0x002F	0x01B2      	CLRF       _seg
;Relogio_digital_timer0.c,38 :: 		m=0;
0x0030	0x01B3      	CLRF       _m
;Relogio_digital_timer0.c,39 :: 		h=0;
0x0031	0x01B4      	CLRF       _h
;Relogio_digital_timer0.c,40 :: 		dia++;
0x0032	0x0AB1      	INCF       _dia, 1
;Relogio_digital_timer0.c,41 :: 		if(dia==7){
0x0033	0x0831      	MOVF       _dia, 0
0x0034	0x3A07      	XORLW      7
0x0035	0x1D03      	BTFSS      STATUS, 2
0x0036	0x2838      	GOTO       L_interrupt4
;Relogio_digital_timer0.c,42 :: 		dia=0;
0x0037	0x01B1      	CLRF       _dia
;Relogio_digital_timer0.c,43 :: 		}
L_interrupt4:
;Relogio_digital_timer0.c,44 :: 		}
L_interrupt3:
;Relogio_digital_timer0.c,45 :: 		}
L_interrupt2:
;Relogio_digital_timer0.c,46 :: 		}
L_interrupt1:
;Relogio_digital_timer0.c,47 :: 		}
L_interrupt0:
;Relogio_digital_timer0.c,48 :: 		}
L_end_interrupt:
L__interrupt41:
0x0038	0x0820      	MOVF       32, 0
0x0039	0x00F0      	MOVWF      R0
0x003A	0x0835      	MOVF       ___savePCLATH, 0
0x003B	0x008A      	MOVWF      PCLATH
0x003C	0x0E36      	SWAPF      ___saveSTATUS, 0
0x003D	0x0083      	MOVWF      STATUS
0x003E	0x0EFF      	SWAPF      R15, 1
0x003F	0x0E7F      	SWAPF      R15, 0
0x0040	0x0009      	RETFIE
; end of _interrupt
_Delay_50us:
;__Lib_Delays.c,19 :: 		void Delay_50us() {
;__Lib_Delays.c,20 :: 		Delay_us(50);
0x0041	0x3021      	MOVLW      33
0x0042	0x1283      	BCF        STATUS, 5
0x0043	0x1303      	BCF        STATUS, 6
0x0044	0x00FD      	MOVWF      R13
L_Delay_50us2:
0x0045	0x0BFD      	DECFSZ     R13, 1
0x0046	0x2845      	GOTO       L_Delay_50us2
;__Lib_Delays.c,21 :: 		}
L_end_Delay_50us:
0x0047	0x0008      	RETURN
; end of _Delay_50us
_Delay_1us:
;__Lib_Delays.c,7 :: 		void Delay_1us() {
;__Lib_Delays.c,8 :: 		Delay_us(1);
0x0048	0x0000      	NOP
0x0049	0x0000      	NOP
;__Lib_Delays.c,9 :: 		}
L_end_Delay_1us:
0x004A	0x0008      	RETURN
; end of _Delay_1us
_Delay_5500us:
;__Lib_Delays.c,31 :: 		void Delay_5500us() {
;__Lib_Delays.c,32 :: 		Delay_us(5500);
0x004B	0x300F      	MOVLW      15
0x004C	0x1283      	BCF        STATUS, 5
0x004D	0x1303      	BCF        STATUS, 6
0x004E	0x00FC      	MOVWF      R12
0x004F	0x3047      	MOVLW      71
0x0050	0x00FD      	MOVWF      R13
L_Delay_5500us5:
0x0051	0x0BFD      	DECFSZ     R13, 1
0x0052	0x2851      	GOTO       L_Delay_5500us5
0x0053	0x0BFC      	DECFSZ     R12, 1
0x0054	0x2851      	GOTO       L_Delay_5500us5
0x0055	0x0000      	NOP
0x0056	0x0000      	NOP
;__Lib_Delays.c,33 :: 		}
L_end_Delay_5500us:
0x0057	0x0008      	RETURN
; end of _Delay_5500us
_Lcd_Cmd:
;__Lib_Lcd.c,18 :: 		
;__Lib_Lcd.c,20 :: 		
0x0058	0x1283      	BCF        STATUS, 5
0x0059	0x1303      	BCF        STATUS, 6
0x005A	0x1BD9      	BTFSC      FARG_Lcd_Cmd_out_char, 7
0x005B	0x285E      	GOTO       L__Lcd_Cmd21
0x005C	0x1186      	BCF        LCD_D7, BitPos(LCD_D7+0)
0x005D	0x285F      	GOTO       L__Lcd_Cmd22
L__Lcd_Cmd21:
0x005E	0x1586      	BSF        LCD_D7, BitPos(LCD_D7+0)
L__Lcd_Cmd22:
;__Lib_Lcd.c,21 :: 		
0x005F	0x1B59      	BTFSC      FARG_Lcd_Cmd_out_char, 6
0x0060	0x2863      	GOTO       L__Lcd_Cmd23
0x0061	0x1106      	BCF        LCD_D6, BitPos(LCD_D6+0)
0x0062	0x2864      	GOTO       L__Lcd_Cmd24
L__Lcd_Cmd23:
0x0063	0x1506      	BSF        LCD_D6, BitPos(LCD_D6+0)
L__Lcd_Cmd24:
;__Lib_Lcd.c,22 :: 		
0x0064	0x1AD9      	BTFSC      FARG_Lcd_Cmd_out_char, 5
0x0065	0x2868      	GOTO       L__Lcd_Cmd25
0x0066	0x1086      	BCF        LCD_D5, BitPos(LCD_D5+0)
0x0067	0x2869      	GOTO       L__Lcd_Cmd26
L__Lcd_Cmd25:
0x0068	0x1486      	BSF        LCD_D5, BitPos(LCD_D5+0)
L__Lcd_Cmd26:
;__Lib_Lcd.c,23 :: 		
0x0069	0x1A59      	BTFSC      FARG_Lcd_Cmd_out_char, 4
0x006A	0x286D      	GOTO       L__Lcd_Cmd27
0x006B	0x1006      	BCF        LCD_D4, BitPos(LCD_D4+0)
0x006C	0x286E      	GOTO       L__Lcd_Cmd28
L__Lcd_Cmd27:
0x006D	0x1406      	BSF        LCD_D4, BitPos(LCD_D4+0)
L__Lcd_Cmd28:
;__Lib_Lcd.c,25 :: 		
0x006E	0x1830      	BTFSC      __Lib_Lcd_cmd_status, BitPos(__Lib_Lcd_cmd_status+0)
0x006F	0x2872      	GOTO       L__Lcd_Cmd29
0x0070	0x1606      	BSF        LCD_RS, BitPos(LCD_RS+0)
0x0071	0x2873      	GOTO       L__Lcd_Cmd30
L__Lcd_Cmd29:
0x0072	0x1206      	BCF        LCD_RS, BitPos(LCD_RS+0)
L__Lcd_Cmd30:
;__Lib_Lcd.c,28 :: 		
0x0073	0x1686      	BSF        LCD_EN, BitPos(LCD_EN+0)
;__Lib_Lcd.c,29 :: 		
0x0074	0x2048      	CALL       _Delay_1us
;__Lib_Lcd.c,30 :: 		
0x0075	0x1286      	BCF        LCD_EN, BitPos(LCD_EN+0)
;__Lib_Lcd.c,33 :: 		
0x0076	0x19D9      	BTFSC      FARG_Lcd_Cmd_out_char, 3
0x0077	0x287A      	GOTO       L__Lcd_Cmd31
0x0078	0x1186      	BCF        LCD_D7, BitPos(LCD_D7+0)
0x0079	0x287B      	GOTO       L__Lcd_Cmd32
L__Lcd_Cmd31:
0x007A	0x1586      	BSF        LCD_D7, BitPos(LCD_D7+0)
L__Lcd_Cmd32:
;__Lib_Lcd.c,34 :: 		
0x007B	0x1959      	BTFSC      FARG_Lcd_Cmd_out_char, 2
0x007C	0x287F      	GOTO       L__Lcd_Cmd33
0x007D	0x1106      	BCF        LCD_D6, BitPos(LCD_D6+0)
0x007E	0x2880      	GOTO       L__Lcd_Cmd34
L__Lcd_Cmd33:
0x007F	0x1506      	BSF        LCD_D6, BitPos(LCD_D6+0)
L__Lcd_Cmd34:
;__Lib_Lcd.c,35 :: 		
0x0080	0x18D9      	BTFSC      FARG_Lcd_Cmd_out_char, 1
0x0081	0x2884      	GOTO       L__Lcd_Cmd35
0x0082	0x1086      	BCF        LCD_D5, BitPos(LCD_D5+0)
0x0083	0x2885      	GOTO       L__Lcd_Cmd36
L__Lcd_Cmd35:
0x0084	0x1486      	BSF        LCD_D5, BitPos(LCD_D5+0)
L__Lcd_Cmd36:
;__Lib_Lcd.c,36 :: 		
0x0085	0x1859      	BTFSC      FARG_Lcd_Cmd_out_char, 0
0x0086	0x2889      	GOTO       L__Lcd_Cmd37
0x0087	0x1006      	BCF        LCD_D4, BitPos(LCD_D4+0)
0x0088	0x288A      	GOTO       L__Lcd_Cmd38
L__Lcd_Cmd37:
0x0089	0x1406      	BSF        LCD_D4, BitPos(LCD_D4+0)
L__Lcd_Cmd38:
;__Lib_Lcd.c,38 :: 		
0x008A	0x1830      	BTFSC      __Lib_Lcd_cmd_status, BitPos(__Lib_Lcd_cmd_status+0)
0x008B	0x288E      	GOTO       L__Lcd_Cmd39
0x008C	0x1606      	BSF        LCD_RS, BitPos(LCD_RS+0)
0x008D	0x288F      	GOTO       L__Lcd_Cmd40
L__Lcd_Cmd39:
0x008E	0x1206      	BCF        LCD_RS, BitPos(LCD_RS+0)
L__Lcd_Cmd40:
;__Lib_Lcd.c,40 :: 		
0x008F	0x1686      	BSF        LCD_EN, BitPos(LCD_EN+0)
;__Lib_Lcd.c,41 :: 		
0x0090	0x2048      	CALL       _Delay_1us
;__Lib_Lcd.c,42 :: 		
0x0091	0x1286      	BCF        LCD_EN, BitPos(LCD_EN+0)
;__Lib_Lcd.c,44 :: 		
0x0092	0x1C30      	BTFSS      __Lib_Lcd_cmd_status, BitPos(__Lib_Lcd_cmd_status+0)
0x0093	0x2896      	GOTO       L_Lcd_Cmd0
;__Lib_Lcd.c,45 :: 		
0x0094	0x204B      	CALL       _Delay_5500us
0x0095	0x2897      	GOTO       L_Lcd_Cmd1
L_Lcd_Cmd0:
;__Lib_Lcd.c,47 :: 		
0x0096	0x2041      	CALL       _Delay_50us
L_Lcd_Cmd1:
;__Lib_Lcd.c,48 :: 		
L_end_Lcd_Cmd:
0x0097	0x0008      	RETURN
; end of _Lcd_Cmd
_Lcd_Chr_CP:
;__Lib_Lcd.c,50 :: 		
;__Lib_Lcd.c,52 :: 		
0x0098	0x1283      	BCF        STATUS, 5
0x0099	0x1303      	BCF        STATUS, 6
0x009A	0x1030      	BCF        __Lib_Lcd_cmd_status, BitPos(__Lib_Lcd_cmd_status+0)
;__Lib_Lcd.c,53 :: 		
0x009B	0x0858      	MOVF       FARG_Lcd_Chr_CP_out_char, 0
0x009C	0x00D9      	MOVWF      FARG_Lcd_Cmd_out_char
0x009D	0x2058      	CALL       _Lcd_Cmd
;__Lib_Lcd.c,54 :: 		
0x009E	0x1430      	BSF        __Lib_Lcd_cmd_status, BitPos(__Lib_Lcd_cmd_status+0)
;__Lib_Lcd.c,55 :: 		
L_end_Lcd_Chr_CP:
0x009F	0x0008      	RETURN
; end of _Lcd_Chr_CP
_____DoICP:
;__Lib_System.c,6 :: 		
;__Lib_System.c,9 :: 		
0x00A0	0x1283      	BCF        STATUS, 5
0x00A1	0x1303      	BCF        STATUS, 6
0x00A2	0x082D      	MOVF       ___DoICPAddr+1, 0
0x00A3	0x008A      	MOVWF      PCLATH
;__Lib_System.c,10 :: 		
0x00A4	0x082C      	MOVF       ___DoICPAddr, 0
0x00A5	0x0082      	MOVWF      PCL
;__Lib_System.c,12 :: 		
L_end_____DoICP:
0x00A6	0x0008      	RETURN
; end of _____DoICP
_EEPROM_Read:
;__Lib_EEPROM.c,4 :: 		
;__Lib_EEPROM.c,5 :: 		
0x00A7	0x1283      	BCF        STATUS, 5
0x00A8	0x1303      	BCF        STATUS, 6
0x00A9	0x0854      	MOVF       FARG_EEPROM_Read_Address, 0
0x00AA	0x1703      	BSF        STATUS, 6
0x00AB	0x008D      	MOVWF      EEADR
;__Lib_EEPROM.c,6 :: 		
0x00AC	0x1683      	BSF        STATUS, 5
0x00AD	0x138C      	BCF        EECON1, 7
;__Lib_EEPROM.c,12 :: 		
0x00AE	0x140C      	BSF        EECON1, 0
;__Lib_EEPROM.c,13 :: 		
0x00AF	0x1283      	BCF        STATUS, 5
0x00B0	0x080C      	MOVF       EEDATA, 0
0x00B1	0x00F0      	MOVWF      R0
;__Lib_EEPROM.c,14 :: 		
L_end_EEPROM_Read:
0x00B2	0x0008      	RETURN
; end of _EEPROM_Read
_Lcd_Out:
;__Lib_Lcd.c,184 :: 		
;__Lib_Lcd.c,187 :: 		
0x00B3	0x28C5      	GOTO       L_Lcd_Out11
;__Lib_Lcd.c,188 :: 		
L_Lcd_Out13:
0x00B4	0x3080      	MOVLW      128
0x00B5	0x1283      	BCF        STATUS, 5
0x00B6	0x1303      	BCF        STATUS, 6
0x00B7	0x00D4      	MOVWF      FARG_Lcd_Out_row
0x00B8	0x28D8      	GOTO       L_Lcd_Out12
;__Lib_Lcd.c,189 :: 		
L_Lcd_Out14:
0x00B9	0x30C0      	MOVLW      192
0x00BA	0x00D4      	MOVWF      FARG_Lcd_Out_row
0x00BB	0x28D8      	GOTO       L_Lcd_Out12
;__Lib_Lcd.c,190 :: 		
L_Lcd_Out15:
0x00BC	0x3094      	MOVLW      148
0x00BD	0x00D4      	MOVWF      FARG_Lcd_Out_row
0x00BE	0x28D8      	GOTO       L_Lcd_Out12
;__Lib_Lcd.c,191 :: 		
L_Lcd_Out16:
0x00BF	0x30D4      	MOVLW      212
0x00C0	0x00D4      	MOVWF      FARG_Lcd_Out_row
0x00C1	0x28D8      	GOTO       L_Lcd_Out12
;__Lib_Lcd.c,192 :: 		
L_Lcd_Out17:
0x00C2	0x3080      	MOVLW      128
0x00C3	0x00D4      	MOVWF      FARG_Lcd_Out_row
;__Lib_Lcd.c,193 :: 		
0x00C4	0x28D8      	GOTO       L_Lcd_Out12
L_Lcd_Out11:
0x00C5	0x1283      	BCF        STATUS, 5
0x00C6	0x1303      	BCF        STATUS, 6
0x00C7	0x0854      	MOVF       FARG_Lcd_Out_row, 0
0x00C8	0x3A01      	XORLW      1
0x00C9	0x1903      	BTFSC      STATUS, 2
0x00CA	0x28B4      	GOTO       L_Lcd_Out13
0x00CB	0x0854      	MOVF       FARG_Lcd_Out_row, 0
0x00CC	0x3A02      	XORLW      2
0x00CD	0x1903      	BTFSC      STATUS, 2
0x00CE	0x28B9      	GOTO       L_Lcd_Out14
0x00CF	0x0854      	MOVF       FARG_Lcd_Out_row, 0
0x00D0	0x3A03      	XORLW      3
0x00D1	0x1903      	BTFSC      STATUS, 2
0x00D2	0x28BC      	GOTO       L_Lcd_Out15
0x00D3	0x0854      	MOVF       FARG_Lcd_Out_row, 0
0x00D4	0x3A04      	XORLW      4
0x00D5	0x1903      	BTFSC      STATUS, 2
0x00D6	0x28BF      	GOTO       L_Lcd_Out16
0x00D7	0x28C2      	GOTO       L_Lcd_Out17
L_Lcd_Out12:
;__Lib_Lcd.c,194 :: 		
0x00D8	0x0355      	DECF       FARG_Lcd_Out_column, 0
0x00D9	0x00F0      	MOVWF      R0
0x00DA	0x0854      	MOVF       FARG_Lcd_Out_row, 0
0x00DB	0x07F0      	ADDWF      R0, 1
0x00DC	0x0870      	MOVF       R0, 0
0x00DD	0x00D4      	MOVWF      FARG_Lcd_Out_row
;__Lib_Lcd.c,196 :: 		
0x00DE	0x0870      	MOVF       R0, 0
0x00DF	0x00D9      	MOVWF      FARG_Lcd_Cmd_out_char
0x00E0	0x2058      	CALL       _Lcd_Cmd
;__Lib_Lcd.c,197 :: 		
0x00E1	0x1030      	BCF        __Lib_Lcd_cmd_status, BitPos(__Lib_Lcd_cmd_status+0)
;__Lib_Lcd.c,198 :: 		
0x00E2	0x01D7      	CLRF       Lcd_Out_i_L0
;__Lib_Lcd.c,199 :: 		
L_Lcd_Out18:
0x00E3	0x0857      	MOVF       Lcd_Out_i_L0, 0
0x00E4	0x0756      	ADDWF      FARG_Lcd_Out_text, 0
0x00E5	0x0084      	MOVWF      FSR
0x00E6	0x0800      	MOVF       INDF, 0
0x00E7	0x1903      	BTFSC      STATUS, 2
0x00E8	0x28F1      	GOTO       L_Lcd_Out19
;__Lib_Lcd.c,200 :: 		
0x00E9	0x0857      	MOVF       Lcd_Out_i_L0, 0
0x00EA	0x0756      	ADDWF      FARG_Lcd_Out_text, 0
0x00EB	0x0084      	MOVWF      FSR
0x00EC	0x0800      	MOVF       INDF, 0
0x00ED	0x00D8      	MOVWF      FARG_Lcd_Chr_CP_out_char
0x00EE	0x2098      	CALL       _Lcd_Chr_CP
0x00EF	0x0AD7      	INCF       Lcd_Out_i_L0, 1
0x00F0	0x28E3      	GOTO       L_Lcd_Out18
L_Lcd_Out19:
;__Lib_Lcd.c,201 :: 		
0x00F1	0x1430      	BSF        __Lib_Lcd_cmd_status, BitPos(__Lib_Lcd_cmd_status+0)
;__Lib_Lcd.c,202 :: 		
L_end_Lcd_Out:
0x00F2	0x0008      	RETURN
; end of _Lcd_Out
_Div_8x8_U:
;__Lib_Math.c,189 :: 		
;__Lib_Math.c,196 :: 		
0x00F3	0x1283      	BCF        STATUS, 5
;__Lib_Math.c,197 :: 		
0x00F4	0x1303      	BCF        STATUS, 6
;__Lib_Math.c,198 :: 		
0x00F5	0x01F8      	CLRF       R8
;__Lib_Math.c,199 :: 		
0x00F6	0x3008      	MOVLW      8
;__Lib_Math.c,200 :: 		
0x00F7	0x00FC      	MOVWF      R12
;__Lib_Math.c,201 :: 		
0x00F8	0x0D70      	RLF        R0, 0
;__Lib_Math.c,202 :: 		
0x00F9	0x0DF8      	RLF        R8, 1
;__Lib_Math.c,203 :: 		
0x00FA	0x0874      	MOVF       R4, 0
;__Lib_Math.c,204 :: 		
0x00FB	0x02F8      	SUBWF      R8, 1
;__Lib_Math.c,205 :: 		
0x00FC	0x1803      	BTFSC      STATUS, 0
;__Lib_Math.c,206 :: 		
0x00FD	0x2900      	GOTO       $+3
;__Lib_Math.c,207 :: 		
0x00FE	0x07F8      	ADDWF      R8, 1
;__Lib_Math.c,208 :: 		
0x00FF	0x1003      	BCF        STATUS, 0
;__Lib_Math.c,209 :: 		
0x0100	0x0DF0      	RLF        R0, 1
;__Lib_Math.c,210 :: 		
0x0101	0x0BFC      	DECFSZ     R12, 1
;__Lib_Math.c,211 :: 		
0x0102	0x28F8      	GOTO       $-10
;__Lib_Math.c,213 :: 		
L_end_Div_8x8_U:
0x0103	0x0008      	RETURN
; end of _Div_8x8_U
_EEPROM_Write:
;__Lib_EEPROM.c,16 :: 		
;__Lib_EEPROM.c,20 :: 		
L_EEPROM_Write0:
0x0104	0x1683      	BSF        STATUS, 5
0x0105	0x1703      	BSF        STATUS, 6
0x0106	0x1C8C      	BTFSS      EECON1, 1
0x0107	0x290A      	GOTO       L_EEPROM_Write1
0x0108	0x0000      	NOP
0x0109	0x2904      	GOTO       L_EEPROM_Write0
L_EEPROM_Write1:
;__Lib_EEPROM.c,21 :: 		
0x010A	0x1283      	BCF        STATUS, 5
0x010B	0x1303      	BCF        STATUS, 6
0x010C	0x0854      	MOVF       FARG_EEPROM_Write_Address, 0
0x010D	0x1703      	BSF        STATUS, 6
0x010E	0x008D      	MOVWF      EEADR
;__Lib_EEPROM.c,22 :: 		
0x010F	0x1303      	BCF        STATUS, 6
0x0110	0x0855      	MOVF       FARG_EEPROM_Write_data_, 0
0x0111	0x1703      	BSF        STATUS, 6
0x0112	0x008C      	MOVWF      EEDATA
;__Lib_EEPROM.c,23 :: 		
0x0113	0x1683      	BSF        STATUS, 5
0x0114	0x138C      	BCF        EECON1, 7
;__Lib_EEPROM.c,24 :: 		
0x0115	0x150C      	BSF        EECON1, 2
;__Lib_EEPROM.c,26 :: 		
0x0116	0x080B      	MOVF       INTCON, 0
0x0117	0x00F0      	MOVWF      R0
;__Lib_EEPROM.c,29 :: 		
0x0118	0x138B      	BCF        INTCON, 7
;__Lib_EEPROM.c,30 :: 		
0x0119	0x3055      	MOVLW      85
0x011A	0x008D      	MOVWF      EECON2
;__Lib_EEPROM.c,31 :: 		
0x011B	0x30AA      	MOVLW      170
0x011C	0x008D      	MOVWF      EECON2
;__Lib_EEPROM.c,32 :: 		
0x011D	0x148C      	BSF        EECON1, 1
;__Lib_EEPROM.c,36 :: 		
0x011E	0x1BF0      	BTFSC      R0, 7
0x011F	0x2922      	GOTO       L__EEPROM_Write4
0x0120	0x138B      	BCF        INTCON, 7
0x0121	0x2923      	GOTO       L__EEPROM_Write5
L__EEPROM_Write4:
0x0122	0x178B      	BSF        INTCON, 7
L__EEPROM_Write5:
;__Lib_EEPROM.c,37 :: 		
0x0123	0x110C      	BCF        EECON1, 2
;__Lib_EEPROM.c,38 :: 		
L_end_EEPROM_Write:
0x0124	0x0008      	RETURN
; end of _EEPROM_Write
___CC2DW:
;__Lib_System.c,134 :: 		
;__Lib_System.c,137 :: 		
_CC2D_Loop1:
;__Lib_System.c,139 :: 		
0x0125	0x20A0      	CALL       _____DoICP
0x0126	0x118A      	BCF        PCLATH, 3
0x0127	0x120A      	BCF        PCLATH, 4
;__Lib_System.c,141 :: 		
0x0128	0x0080      	MOVWF      INDF
;__Lib_System.c,142 :: 		
0x0129	0x0A84      	INCF       FSR, 1
;__Lib_System.c,143 :: 		
0x012A	0x0AAC      	INCF       ___DoICPAddr, 1
;__Lib_System.c,145 :: 		
0x012B	0x1903      	BTFSC      STATUS, 2
;__Lib_System.c,146 :: 		
0x012C	0x0AAD      	INCF       ___DoICPAddr+1, 1
;__Lib_System.c,147 :: 		
0x012D	0x03F0      	DECF       R0, 1
;__Lib_System.c,149 :: 		
0x012E	0x1D03      	BTFSS      STATUS, 2
;__Lib_System.c,150 :: 		
0x012F	0x2925      	GOTO       _CC2D_Loop1
;__Lib_System.c,152 :: 		
L_end___CC2DW:
0x0130	0x0008      	RETURN
; end of ___CC2DW
_Lcd_Init:
;__Lib_Lcd.c,84 :: 		
;__Lib_Lcd.c,86 :: 		
0x0131	0x1683      	BSF        STATUS, 5
0x0132	0x1303      	BCF        STATUS, 6
0x0133	0x1286      	BCF        LCD_EN_Direction, BitPos(LCD_EN_Direction+0)
;__Lib_Lcd.c,87 :: 		
0x0134	0x1206      	BCF        LCD_RS_Direction, BitPos(LCD_RS_Direction+0)
;__Lib_Lcd.c,88 :: 		
0x0135	0x1006      	BCF        LCD_D4_Direction, BitPos(LCD_D4_Direction+0)
;__Lib_Lcd.c,89 :: 		
0x0136	0x1086      	BCF        LCD_D5_Direction, BitPos(LCD_D5_Direction+0)
;__Lib_Lcd.c,90 :: 		
0x0137	0x1106      	BCF        LCD_D6_Direction, BitPos(LCD_D6_Direction+0)
;__Lib_Lcd.c,91 :: 		
0x0138	0x1186      	BCF        LCD_D7_Direction, BitPos(LCD_D7_Direction+0)
;__Lib_Lcd.c,93 :: 		
0x0139	0x1283      	BCF        STATUS, 5
0x013A	0x1286      	BCF        LCD_EN, BitPos(LCD_EN+0)
;__Lib_Lcd.c,94 :: 		
0x013B	0x1206      	BCF        LCD_RS, BitPos(LCD_RS+0)
;__Lib_Lcd.c,95 :: 		
0x013C	0x1186      	BCF        LCD_D7, BitPos(LCD_D7+0)
;__Lib_Lcd.c,96 :: 		
0x013D	0x1106      	BCF        LCD_D6, BitPos(LCD_D6+0)
;__Lib_Lcd.c,97 :: 		
0x013E	0x1086      	BCF        LCD_D5, BitPos(LCD_D5+0)
;__Lib_Lcd.c,98 :: 		
0x013F	0x1006      	BCF        LCD_D4, BitPos(LCD_D4+0)
;__Lib_Lcd.c,100 :: 		
0x0140	0x204B      	CALL       _Delay_5500us
;__Lib_Lcd.c,101 :: 		
0x0141	0x204B      	CALL       _Delay_5500us
;__Lib_Lcd.c,102 :: 		
0x0142	0x204B      	CALL       _Delay_5500us
;__Lib_Lcd.c,105 :: 		
0x0143	0x1486      	BSF        LCD_D5, BitPos(LCD_D5+0)
;__Lib_Lcd.c,106 :: 		
0x0144	0x1406      	BSF        LCD_D4, BitPos(LCD_D4+0)
;__Lib_Lcd.c,107 :: 		
0x0145	0x1686      	BSF        LCD_EN, BitPos(LCD_EN+0)
;__Lib_Lcd.c,108 :: 		
0x0146	0x2048      	CALL       _Delay_1us
;__Lib_Lcd.c,109 :: 		
0x0147	0x1286      	BCF        LCD_EN, BitPos(LCD_EN+0)
;__Lib_Lcd.c,110 :: 		
0x0148	0x204B      	CALL       _Delay_5500us
;__Lib_Lcd.c,112 :: 		
0x0149	0x1686      	BSF        LCD_EN, BitPos(LCD_EN+0)
;__Lib_Lcd.c,113 :: 		
0x014A	0x2048      	CALL       _Delay_1us
;__Lib_Lcd.c,114 :: 		
0x014B	0x1286      	BCF        LCD_EN, BitPos(LCD_EN+0)
;__Lib_Lcd.c,115 :: 		
0x014C	0x204B      	CALL       _Delay_5500us
;__Lib_Lcd.c,117 :: 		
0x014D	0x1686      	BSF        LCD_EN, BitPos(LCD_EN+0)
;__Lib_Lcd.c,118 :: 		
0x014E	0x2048      	CALL       _Delay_1us
;__Lib_Lcd.c,119 :: 		
0x014F	0x1286      	BCF        LCD_EN, BitPos(LCD_EN+0)
;__Lib_Lcd.c,120 :: 		
0x0150	0x204B      	CALL       _Delay_5500us
;__Lib_Lcd.c,123 :: 		
0x0151	0x1006      	BCF        LCD_D4, BitPos(LCD_D4+0)
;__Lib_Lcd.c,124 :: 		
0x0152	0x1686      	BSF        LCD_EN, BitPos(LCD_EN+0)
;__Lib_Lcd.c,125 :: 		
0x0153	0x2048      	CALL       _Delay_1us
;__Lib_Lcd.c,126 :: 		
0x0154	0x1286      	BCF        LCD_EN, BitPos(LCD_EN+0)
;__Lib_Lcd.c,127 :: 		
0x0155	0x204B      	CALL       _Delay_5500us
;__Lib_Lcd.c,130 :: 		
0x0156	0x1686      	BSF        LCD_EN, BitPos(LCD_EN+0)
;__Lib_Lcd.c,131 :: 		
0x0157	0x2048      	CALL       _Delay_1us
;__Lib_Lcd.c,132 :: 		
0x0158	0x1286      	BCF        LCD_EN, BitPos(LCD_EN+0)
;__Lib_Lcd.c,134 :: 		
0x0159	0x1086      	BCF        LCD_D5, BitPos(LCD_D5+0)
;__Lib_Lcd.c,135 :: 		
0x015A	0x1586      	BSF        LCD_D7, BitPos(LCD_D7+0)
;__Lib_Lcd.c,136 :: 		
0x015B	0x1686      	BSF        LCD_EN, BitPos(LCD_EN+0)
;__Lib_Lcd.c,137 :: 		
0x015C	0x2048      	CALL       _Delay_1us
;__Lib_Lcd.c,138 :: 		
0x015D	0x1286      	BCF        LCD_EN, BitPos(LCD_EN+0)
;__Lib_Lcd.c,139 :: 		
0x015E	0x204B      	CALL       _Delay_5500us
;__Lib_Lcd.c,142 :: 		
0x015F	0x1186      	BCF        LCD_D7, BitPos(LCD_D7+0)
;__Lib_Lcd.c,143 :: 		
0x0160	0x1406      	BSF        LCD_D4, BitPos(LCD_D4+0)
;__Lib_Lcd.c,144 :: 		
0x0161	0x1686      	BSF        LCD_EN, BitPos(LCD_EN+0)
;__Lib_Lcd.c,145 :: 		
0x0162	0x2048      	CALL       _Delay_1us
;__Lib_Lcd.c,146 :: 		
0x0163	0x1286      	BCF        LCD_EN, BitPos(LCD_EN+0)
;__Lib_Lcd.c,148 :: 		
0x0164	0x1006      	BCF        LCD_D4, BitPos(LCD_D4+0)
;__Lib_Lcd.c,149 :: 		
0x0165	0x1686      	BSF        LCD_EN, BitPos(LCD_EN+0)
;__Lib_Lcd.c,150 :: 		
0x0166	0x2048      	CALL       _Delay_1us
;__Lib_Lcd.c,151 :: 		
0x0167	0x1286      	BCF        LCD_EN, BitPos(LCD_EN+0)
;__Lib_Lcd.c,152 :: 		
0x0168	0x204B      	CALL       _Delay_5500us
;__Lib_Lcd.c,155 :: 		
0x0169	0x1686      	BSF        LCD_EN, BitPos(LCD_EN+0)
;__Lib_Lcd.c,156 :: 		
0x016A	0x2048      	CALL       _Delay_1us
;__Lib_Lcd.c,157 :: 		
0x016B	0x1286      	BCF        LCD_EN, BitPos(LCD_EN+0)
;__Lib_Lcd.c,159 :: 		
0x016C	0x1406      	BSF        LCD_D4, BitPos(LCD_D4+0)
;__Lib_Lcd.c,160 :: 		
0x016D	0x1686      	BSF        LCD_EN, BitPos(LCD_EN+0)
;__Lib_Lcd.c,161 :: 		
0x016E	0x2048      	CALL       _Delay_1us
;__Lib_Lcd.c,162 :: 		
0x016F	0x1286      	BCF        LCD_EN, BitPos(LCD_EN+0)
;__Lib_Lcd.c,163 :: 		
0x0170	0x204B      	CALL       _Delay_5500us
;__Lib_Lcd.c,166 :: 		
0x0171	0x1006      	BCF        LCD_D4, BitPos(LCD_D4+0)
;__Lib_Lcd.c,167 :: 		
0x0172	0x1686      	BSF        LCD_EN, BitPos(LCD_EN+0)
;__Lib_Lcd.c,168 :: 		
0x0173	0x2048      	CALL       _Delay_1us
;__Lib_Lcd.c,169 :: 		
0x0174	0x1286      	BCF        LCD_EN, BitPos(LCD_EN+0)
;__Lib_Lcd.c,171 :: 		
0x0175	0x1586      	BSF        LCD_D7, BitPos(LCD_D7+0)
;__Lib_Lcd.c,172 :: 		
0x0176	0x1506      	BSF        LCD_D6, BitPos(LCD_D6+0)
;__Lib_Lcd.c,173 :: 		
0x0177	0x1486      	BSF        LCD_D5, BitPos(LCD_D5+0)
;__Lib_Lcd.c,174 :: 		
0x0178	0x1406      	BSF        LCD_D4, BitPos(LCD_D4+0)
;__Lib_Lcd.c,175 :: 		
0x0179	0x1686      	BSF        LCD_EN, BitPos(LCD_EN+0)
;__Lib_Lcd.c,176 :: 		
0x017A	0x2048      	CALL       _Delay_1us
;__Lib_Lcd.c,177 :: 		
0x017B	0x1286      	BCF        LCD_EN, BitPos(LCD_EN+0)
;__Lib_Lcd.c,179 :: 		
0x017C	0x204B      	CALL       _Delay_5500us
;__Lib_Lcd.c,181 :: 		
0x017D	0x1430      	BSF        __Lib_Lcd_cmd_status, BitPos(__Lib_Lcd_cmd_status+0)
;__Lib_Lcd.c,182 :: 		
L_end_Lcd_Init:
0x017E	0x0008      	RETURN
; end of _Lcd_Init
_main:
0x017F	0x3023      	MOVLW      35
0x0180	0x1283      	BCF        STATUS, 5
0x0181	0x1303      	BCF        STATUS, 6
0x0182	0x00A1      	MOVWF      _text
0x0183	0x01A2      	CLRF       _flags
0x0184	0x3030      	MOVLW      48
0x0185	0x00A3      	MOVWF      ?lstr1_Relogio_digital_timer0
0x0186	0x3030      	MOVLW      48
0x0187	0x00A4      	MOVWF      36
0x0188	0x303A      	MOVLW      58
0x0189	0x00A5      	MOVWF      37
0x018A	0x3030      	MOVLW      48
0x018B	0x00A6      	MOVWF      38
0x018C	0x3030      	MOVLW      48
0x018D	0x00A7      	MOVWF      39
0x018E	0x303A      	MOVLW      58
0x018F	0x00A8      	MOVWF      40
0x0190	0x3030      	MOVLW      48
0x0191	0x00A9      	MOVWF      41
0x0192	0x3030      	MOVLW      48
0x0193	0x00AA      	MOVWF      42
0x0194	0x01AB      	CLRF       43
;Relogio_digital_timer0.c,49 :: 		void main()
;Relogio_digital_timer0.c,51 :: 		TRISC = 255;
0x0195	0x30FF      	MOVLW      255
0x0196	0x1683      	BSF        STATUS, 5
0x0197	0x0087      	MOVWF      TRISC
;Relogio_digital_timer0.c,52 :: 		TRISD = 0;
0x0198	0x0188      	CLRF       TRISD
;Relogio_digital_timer0.c,53 :: 		INTCON.GIE = 1;
0x0199	0x178B      	BSF        INTCON, 7
;Relogio_digital_timer0.c,54 :: 		INTCON.PEIE = 1;
0x019A	0x170B      	BSF        INTCON, 6
;Relogio_digital_timer0.c,55 :: 		INTCON.TMR0IE = 1;
0x019B	0x168B      	BSF        INTCON, 5
;Relogio_digital_timer0.c,56 :: 		OPTION_REG = 0b10000010;
0x019C	0x3082      	MOVLW      130
0x019D	0x0081      	MOVWF      OPTION_REG
;Relogio_digital_timer0.c,57 :: 		TMR0 = 5;
0x019E	0x3005      	MOVLW      5
0x019F	0x1283      	BCF        STATUS, 5
0x01A0	0x0081      	MOVWF      TMR0
;Relogio_digital_timer0.c,58 :: 		seg = Eeprom_Read(3);
0x01A1	0x3003      	MOVLW      3
0x01A2	0x00D4      	MOVWF      FARG_EEPROM_Read_Address
0x01A3	0x20A7      	CALL       _EEPROM_Read
0x01A4	0x0870      	MOVF       R0, 0
0x01A5	0x1303      	BCF        STATUS, 6
0x01A6	0x00B2      	MOVWF      _seg
;Relogio_digital_timer0.c,59 :: 		m = Eeprom_Read(2);
0x01A7	0x3002      	MOVLW      2
0x01A8	0x00D4      	MOVWF      FARG_EEPROM_Read_Address
0x01A9	0x20A7      	CALL       _EEPROM_Read
0x01AA	0x0870      	MOVF       R0, 0
0x01AB	0x1303      	BCF        STATUS, 6
0x01AC	0x00B3      	MOVWF      _m
;Relogio_digital_timer0.c,60 :: 		h = Eeprom_Read(1);
0x01AD	0x3001      	MOVLW      1
0x01AE	0x00D4      	MOVWF      FARG_EEPROM_Read_Address
0x01AF	0x20A7      	CALL       _EEPROM_Read
0x01B0	0x0870      	MOVF       R0, 0
0x01B1	0x1303      	BCF        STATUS, 6
0x01B2	0x00B4      	MOVWF      _h
;Relogio_digital_timer0.c,61 :: 		dia = Eeprom_Read(0);
0x01B3	0x01D4      	CLRF       FARG_EEPROM_Read_Address
0x01B4	0x20A7      	CALL       _EEPROM_Read
0x01B5	0x0870      	MOVF       R0, 0
0x01B6	0x1303      	BCF        STATUS, 6
0x01B7	0x00B1      	MOVWF      _dia
;Relogio_digital_timer0.c,64 :: 		Lcd_Init();
0x01B8	0x2131      	CALL       _Lcd_Init
;Relogio_digital_timer0.c,65 :: 		Lcd_Cmd(_LCD_CLEAR);
0x01B9	0x3001      	MOVLW      1
0x01BA	0x00D9      	MOVWF      FARG_Lcd_Cmd_out_char
0x01BB	0x2058      	CALL       _Lcd_Cmd
;Relogio_digital_timer0.c,66 :: 		Lcd_Cmd(_LCD_CURSOR_OFF);
0x01BC	0x300C      	MOVLW      12
0x01BD	0x00D9      	MOVWF      FARG_Lcd_Cmd_out_char
0x01BE	0x2058      	CALL       _Lcd_Cmd
;Relogio_digital_timer0.c,68 :: 		while(1)
L_main5:
;Relogio_digital_timer0.c,71 :: 		text[6] = seg/10 + '0';
0x01BF	0x3006      	MOVLW      6
0x01C0	0x0721      	ADDWF      _text, 0
0x01C1	0x00D3      	MOVWF      FLOC__main
0x01C2	0x300A      	MOVLW      10
0x01C3	0x00F4      	MOVWF      R4
0x01C4	0x0832      	MOVF       _seg, 0
0x01C5	0x00F0      	MOVWF      R0
0x01C6	0x20F3      	CALL       _Div_8x8_U
0x01C7	0x3030      	MOVLW      48
0x01C8	0x07F0      	ADDWF      R0, 1
0x01C9	0x0853      	MOVF       FLOC__main, 0
0x01CA	0x0084      	MOVWF      FSR
0x01CB	0x0870      	MOVF       R0, 0
0x01CC	0x0080      	MOVWF      INDF
;Relogio_digital_timer0.c,72 :: 		text[7] = seg%10 + '0';
0x01CD	0x3007      	MOVLW      7
0x01CE	0x0721      	ADDWF      _text, 0
0x01CF	0x00D3      	MOVWF      FLOC__main
0x01D0	0x300A      	MOVLW      10
0x01D1	0x00F4      	MOVWF      R4
0x01D2	0x0832      	MOVF       _seg, 0
0x01D3	0x00F0      	MOVWF      R0
0x01D4	0x20F3      	CALL       _Div_8x8_U
0x01D5	0x0878      	MOVF       R8, 0
0x01D6	0x00F0      	MOVWF      R0
0x01D7	0x3030      	MOVLW      48
0x01D8	0x07F0      	ADDWF      R0, 1
0x01D9	0x0853      	MOVF       FLOC__main, 0
0x01DA	0x0084      	MOVWF      FSR
0x01DB	0x0870      	MOVF       R0, 0
0x01DC	0x0080      	MOVWF      INDF
;Relogio_digital_timer0.c,73 :: 		text[3] = m/10 + '0';
0x01DD	0x3003      	MOVLW      3
0x01DE	0x0721      	ADDWF      _text, 0
0x01DF	0x00D3      	MOVWF      FLOC__main
0x01E0	0x300A      	MOVLW      10
0x01E1	0x00F4      	MOVWF      R4
0x01E2	0x0833      	MOVF       _m, 0
0x01E3	0x00F0      	MOVWF      R0
0x01E4	0x20F3      	CALL       _Div_8x8_U
0x01E5	0x3030      	MOVLW      48
0x01E6	0x07F0      	ADDWF      R0, 1
0x01E7	0x0853      	MOVF       FLOC__main, 0
0x01E8	0x0084      	MOVWF      FSR
0x01E9	0x0870      	MOVF       R0, 0
0x01EA	0x0080      	MOVWF      INDF
;Relogio_digital_timer0.c,74 :: 		text[4] = m%10 + '0';
0x01EB	0x3004      	MOVLW      4
0x01EC	0x0721      	ADDWF      _text, 0
0x01ED	0x00D3      	MOVWF      FLOC__main
0x01EE	0x300A      	MOVLW      10
0x01EF	0x00F4      	MOVWF      R4
0x01F0	0x0833      	MOVF       _m, 0
0x01F1	0x00F0      	MOVWF      R0
0x01F2	0x20F3      	CALL       _Div_8x8_U
0x01F3	0x0878      	MOVF       R8, 0
0x01F4	0x00F0      	MOVWF      R0
0x01F5	0x3030      	MOVLW      48
0x01F6	0x07F0      	ADDWF      R0, 1
0x01F7	0x0853      	MOVF       FLOC__main, 0
0x01F8	0x0084      	MOVWF      FSR
0x01F9	0x0870      	MOVF       R0, 0
0x01FA	0x0080      	MOVWF      INDF
;Relogio_digital_timer0.c,75 :: 		text[0] = h/10 + '0';
0x01FB	0x0821      	MOVF       _text, 0
0x01FC	0x00D3      	MOVWF      FLOC__main
0x01FD	0x300A      	MOVLW      10
0x01FE	0x00F4      	MOVWF      R4
0x01FF	0x0834      	MOVF       _h, 0
0x0200	0x00F0      	MOVWF      R0
0x0201	0x20F3      	CALL       _Div_8x8_U
0x0202	0x3030      	MOVLW      48
0x0203	0x07F0      	ADDWF      R0, 1
0x0204	0x0853      	MOVF       FLOC__main, 0
0x0205	0x0084      	MOVWF      FSR
0x0206	0x0870      	MOVF       R0, 0
0x0207	0x0080      	MOVWF      INDF
;Relogio_digital_timer0.c,76 :: 		text[1] = h%10 + '0';
0x0208	0x0A21      	INCF       _text, 0
0x0209	0x00D3      	MOVWF      FLOC__main
0x020A	0x300A      	MOVLW      10
0x020B	0x00F4      	MOVWF      R4
0x020C	0x0834      	MOVF       _h, 0
0x020D	0x00F0      	MOVWF      R0
0x020E	0x20F3      	CALL       _Div_8x8_U
0x020F	0x0878      	MOVF       R8, 0
0x0210	0x00F0      	MOVWF      R0
0x0211	0x3030      	MOVLW      48
0x0212	0x07F0      	ADDWF      R0, 1
0x0213	0x0853      	MOVF       FLOC__main, 0
0x0214	0x0084      	MOVWF      FSR
0x0215	0x0870      	MOVF       R0, 0
0x0216	0x0080      	MOVWF      INDF
;Relogio_digital_timer0.c,78 :: 		Lcd_Out(1, 7, text);
0x0217	0x3001      	MOVLW      1
0x0218	0x00D4      	MOVWF      FARG_Lcd_Out_row
0x0219	0x3007      	MOVLW      7
0x021A	0x00D5      	MOVWF      FARG_Lcd_Out_column
0x021B	0x0821      	MOVF       _text, 0
0x021C	0x00D6      	MOVWF      FARG_Lcd_Out_text
0x021D	0x20B3      	CALL       _Lcd_Out
;Relogio_digital_timer0.c,80 :: 		if(PORTC.F0) Flags.B0 = 1;
0x021E	0x1C07      	BTFSS      PORTC, 0
0x021F	0x2A21      	GOTO       L_main7
0x0220	0x1422      	BSF        _flags, 0
L_main7:
;Relogio_digital_timer0.c,81 :: 		if(PORTC.F1) Flags.B1 = 1;
0x0221	0x1C87      	BTFSS      PORTC, 1
0x0222	0x2A24      	GOTO       L_main8
0x0223	0x14A2      	BSF        _flags, 1
L_main8:
;Relogio_digital_timer0.c,82 :: 		if(PORTC.F2) Flags.B2 = 1;
0x0224	0x1D07      	BTFSS      PORTC, 2
0x0225	0x2A27      	GOTO       L_main9
0x0226	0x1522      	BSF        _flags, 2
L_main9:
;Relogio_digital_timer0.c,83 :: 		if(PORTC.F3) Flags.B3 = 1;
0x0227	0x1D87      	BTFSS      PORTC, 3
0x0228	0x2A2A      	GOTO       L_main10
0x0229	0x15A2      	BSF        _flags, 3
L_main10:
;Relogio_digital_timer0.c,86 :: 		if(PORTC.F0==0 && Flags.B0)
0x022A	0x1807      	BTFSC      PORTC, 0
0x022B	0x2A3A      	GOTO       L_main13
0x022C	0x1C22      	BTFSS      _flags, 0
0x022D	0x2A3A      	GOTO       L_main13
L__main39:
;Relogio_digital_timer0.c,88 :: 		Flags.B0 = 0;
0x022E	0x1022      	BCF        _flags, 0
;Relogio_digital_timer0.c,89 :: 		seg++;
0x022F	0x0AB2      	INCF       _seg, 1
;Relogio_digital_timer0.c,90 :: 		if(seg>=60) seg=0;
0x0230	0x303C      	MOVLW      60
0x0231	0x0232      	SUBWF      _seg, 0
0x0232	0x1C03      	BTFSS      STATUS, 0
0x0233	0x2A35      	GOTO       L_main14
0x0234	0x01B2      	CLRF       _seg
L_main14:
;Relogio_digital_timer0.c,91 :: 		Eeprom_Write(3, seg);
0x0235	0x3003      	MOVLW      3
0x0236	0x00D4      	MOVWF      FARG_EEPROM_Write_Address
0x0237	0x0832      	MOVF       _seg, 0
0x0238	0x00D5      	MOVWF      FARG_EEPROM_Write_data_
0x0239	0x2104      	CALL       _EEPROM_Write
;Relogio_digital_timer0.c,92 :: 		}
L_main13:
;Relogio_digital_timer0.c,93 :: 		if(PORTC.F1==0 && Flags.B1)
0x023A	0x1283      	BCF        STATUS, 5
0x023B	0x1303      	BCF        STATUS, 6
0x023C	0x1887      	BTFSC      PORTC, 1
0x023D	0x2A4C      	GOTO       L_main17
0x023E	0x1CA2      	BTFSS      _flags, 1
0x023F	0x2A4C      	GOTO       L_main17
L__main38:
;Relogio_digital_timer0.c,95 :: 		Flags.B1 = 0;
0x0240	0x10A2      	BCF        _flags, 1
;Relogio_digital_timer0.c,96 :: 		m++;
0x0241	0x0AB3      	INCF       _m, 1
;Relogio_digital_timer0.c,97 :: 		if(m>=60) m=0;
0x0242	0x303C      	MOVLW      60
0x0243	0x0233      	SUBWF      _m, 0
0x0244	0x1C03      	BTFSS      STATUS, 0
0x0245	0x2A47      	GOTO       L_main18
0x0246	0x01B3      	CLRF       _m
L_main18:
;Relogio_digital_timer0.c,98 :: 		Eeprom_Write(2, m);
0x0247	0x3002      	MOVLW      2
0x0248	0x00D4      	MOVWF      FARG_EEPROM_Write_Address
0x0249	0x0833      	MOVF       _m, 0
0x024A	0x00D5      	MOVWF      FARG_EEPROM_Write_data_
0x024B	0x2104      	CALL       _EEPROM_Write
;Relogio_digital_timer0.c,99 :: 		}
L_main17:
;Relogio_digital_timer0.c,100 :: 		if(PORTC.F2==0 && Flags.B2)
0x024C	0x1283      	BCF        STATUS, 5
0x024D	0x1303      	BCF        STATUS, 6
0x024E	0x1907      	BTFSC      PORTC, 2
0x024F	0x2A5E      	GOTO       L_main21
0x0250	0x1D22      	BTFSS      _flags, 2
0x0251	0x2A5E      	GOTO       L_main21
L__main37:
;Relogio_digital_timer0.c,102 :: 		Flags.B2 = 0;
0x0252	0x1122      	BCF        _flags, 2
;Relogio_digital_timer0.c,103 :: 		h++;
0x0253	0x0AB4      	INCF       _h, 1
;Relogio_digital_timer0.c,104 :: 		if(h>=24) h=0;
0x0254	0x3018      	MOVLW      24
0x0255	0x0234      	SUBWF      _h, 0
0x0256	0x1C03      	BTFSS      STATUS, 0
0x0257	0x2A59      	GOTO       L_main22
0x0258	0x01B4      	CLRF       _h
L_main22:
;Relogio_digital_timer0.c,105 :: 		Eeprom_Write(1, h);
0x0259	0x3001      	MOVLW      1
0x025A	0x00D4      	MOVWF      FARG_EEPROM_Write_Address
0x025B	0x0834      	MOVF       _h, 0
0x025C	0x00D5      	MOVWF      FARG_EEPROM_Write_data_
0x025D	0x2104      	CALL       _EEPROM_Write
;Relogio_digital_timer0.c,106 :: 		}
L_main21:
;Relogio_digital_timer0.c,107 :: 		if(PORTC.F3==0 && Flags.B3)
0x025E	0x1283      	BCF        STATUS, 5
0x025F	0x1303      	BCF        STATUS, 6
0x0260	0x1987      	BTFSC      PORTC, 3
0x0261	0x2A6F      	GOTO       L_main25
0x0262	0x1DA2      	BTFSS      _flags, 3
0x0263	0x2A6F      	GOTO       L_main25
L__main36:
;Relogio_digital_timer0.c,109 :: 		Flags.B3 = 0;
0x0264	0x11A2      	BCF        _flags, 3
;Relogio_digital_timer0.c,110 :: 		dia++;
0x0265	0x0AB1      	INCF       _dia, 1
;Relogio_digital_timer0.c,111 :: 		if(dia>=7) dia=0;
0x0266	0x3007      	MOVLW      7
0x0267	0x0231      	SUBWF      _dia, 0
0x0268	0x1C03      	BTFSS      STATUS, 0
0x0269	0x2A6B      	GOTO       L_main26
0x026A	0x01B1      	CLRF       _dia
L_main26:
;Relogio_digital_timer0.c,112 :: 		Eeprom_Write(0, dia);
0x026B	0x01D4      	CLRF       FARG_EEPROM_Write_Address
0x026C	0x0831      	MOVF       _dia, 0
0x026D	0x00D5      	MOVWF      FARG_EEPROM_Write_data_
0x026E	0x2104      	CALL       _EEPROM_Write
;Relogio_digital_timer0.c,113 :: 		}
L_main25:
;Relogio_digital_timer0.c,115 :: 		switch(dia)
0x026F	0x2ADB      	GOTO       L_main27
;Relogio_digital_timer0.c,117 :: 		case 0:Lcd_Out(2,10,"DOM");break;
L_main29:
0x0270	0x3002      	MOVLW      2
0x0271	0x1283      	BCF        STATUS, 5
0x0272	0x1303      	BCF        STATUS, 6
0x0273	0x00D4      	MOVWF      FARG_Lcd_Out_row
0x0274	0x300A      	MOVLW      10
0x0275	0x00D5      	MOVWF      FARG_Lcd_Out_column
0x0276	0x3044      	MOVLW      68
0x0277	0x00B7      	MOVWF      ?lstr2_Relogio_digital_timer0
0x0278	0x304F      	MOVLW      79
0x0279	0x00B8      	MOVWF      ?lstr2_Relogio_digital_timer0+1
0x027A	0x304D      	MOVLW      77
0x027B	0x00B9      	MOVWF      ?lstr2_Relogio_digital_timer0+2
0x027C	0x01BA      	CLRF       ?lstr2_Relogio_digital_timer0+3
0x027D	0x3037      	MOVLW      ?lstr2_Relogio_digital_timer0
0x027E	0x00D6      	MOVWF      FARG_Lcd_Out_text
0x027F	0x20B3      	CALL       _Lcd_Out
0x0280	0x2AF9      	GOTO       L_main28
;Relogio_digital_timer0.c,118 :: 		case 1:Lcd_Out(2,10,"SEG");break;
L_main30:
0x0281	0x3002      	MOVLW      2
0x0282	0x00D4      	MOVWF      FARG_Lcd_Out_row
0x0283	0x300A      	MOVLW      10
0x0284	0x00D5      	MOVWF      FARG_Lcd_Out_column
0x0285	0x3053      	MOVLW      83
0x0286	0x00BB      	MOVWF      ?lstr3_Relogio_digital_timer0
0x0287	0x3045      	MOVLW      69
0x0288	0x00BC      	MOVWF      ?lstr3_Relogio_digital_timer0+1
0x0289	0x3047      	MOVLW      71
0x028A	0x00BD      	MOVWF      ?lstr3_Relogio_digital_timer0+2
0x028B	0x01BE      	CLRF       ?lstr3_Relogio_digital_timer0+3
0x028C	0x303B      	MOVLW      ?lstr3_Relogio_digital_timer0
0x028D	0x00D6      	MOVWF      FARG_Lcd_Out_text
0x028E	0x20B3      	CALL       _Lcd_Out
0x028F	0x2AF9      	GOTO       L_main28
;Relogio_digital_timer0.c,119 :: 		case 2:Lcd_Out(2,10,"TER");break;
L_main31:
0x0290	0x3002      	MOVLW      2
0x0291	0x00D4      	MOVWF      FARG_Lcd_Out_row
0x0292	0x300A      	MOVLW      10
0x0293	0x00D5      	MOVWF      FARG_Lcd_Out_column
0x0294	0x3054      	MOVLW      84
0x0295	0x00BF      	MOVWF      ?lstr4_Relogio_digital_timer0
0x0296	0x3045      	MOVLW      69
0x0297	0x00C0      	MOVWF      ?lstr4_Relogio_digital_timer0+1
0x0298	0x3052      	MOVLW      82
0x0299	0x00C1      	MOVWF      ?lstr4_Relogio_digital_timer0+2
0x029A	0x01C2      	CLRF       ?lstr4_Relogio_digital_timer0+3
0x029B	0x303F      	MOVLW      ?lstr4_Relogio_digital_timer0
0x029C	0x00D6      	MOVWF      FARG_Lcd_Out_text
0x029D	0x20B3      	CALL       _Lcd_Out
0x029E	0x2AF9      	GOTO       L_main28
;Relogio_digital_timer0.c,120 :: 		case 3:Lcd_Out(2,10,"QUA");break;
L_main32:
0x029F	0x3002      	MOVLW      2
0x02A0	0x00D4      	MOVWF      FARG_Lcd_Out_row
0x02A1	0x300A      	MOVLW      10
0x02A2	0x00D5      	MOVWF      FARG_Lcd_Out_column
0x02A3	0x3051      	MOVLW      81
0x02A4	0x00C3      	MOVWF      ?lstr5_Relogio_digital_timer0
0x02A5	0x3055      	MOVLW      85
0x02A6	0x00C4      	MOVWF      ?lstr5_Relogio_digital_timer0+1
0x02A7	0x3041      	MOVLW      65
0x02A8	0x00C5      	MOVWF      ?lstr5_Relogio_digital_timer0+2
0x02A9	0x01C6      	CLRF       ?lstr5_Relogio_digital_timer0+3
0x02AA	0x3043      	MOVLW      ?lstr5_Relogio_digital_timer0
0x02AB	0x00D6      	MOVWF      FARG_Lcd_Out_text
0x02AC	0x20B3      	CALL       _Lcd_Out
0x02AD	0x2AF9      	GOTO       L_main28
;Relogio_digital_timer0.c,121 :: 		case 4:Lcd_Out(2,10,"QUI");break;
L_main33:
0x02AE	0x3002      	MOVLW      2
0x02AF	0x00D4      	MOVWF      FARG_Lcd_Out_row
0x02B0	0x300A      	MOVLW      10
0x02B1	0x00D5      	MOVWF      FARG_Lcd_Out_column
0x02B2	0x3051      	MOVLW      81
0x02B3	0x00C7      	MOVWF      ?lstr6_Relogio_digital_timer0
0x02B4	0x3055      	MOVLW      85
0x02B5	0x00C8      	MOVWF      ?lstr6_Relogio_digital_timer0+1
0x02B6	0x3049      	MOVLW      73
0x02B7	0x00C9      	MOVWF      ?lstr6_Relogio_digital_timer0+2
0x02B8	0x01CA      	CLRF       ?lstr6_Relogio_digital_timer0+3
0x02B9	0x3047      	MOVLW      ?lstr6_Relogio_digital_timer0
0x02BA	0x00D6      	MOVWF      FARG_Lcd_Out_text
0x02BB	0x20B3      	CALL       _Lcd_Out
0x02BC	0x2AF9      	GOTO       L_main28
;Relogio_digital_timer0.c,122 :: 		case 5:Lcd_Out(2,10,"SEX");break;
L_main34:
0x02BD	0x3002      	MOVLW      2
0x02BE	0x00D4      	MOVWF      FARG_Lcd_Out_row
0x02BF	0x300A      	MOVLW      10
0x02C0	0x00D5      	MOVWF      FARG_Lcd_Out_column
0x02C1	0x3053      	MOVLW      83
0x02C2	0x00CB      	MOVWF      ?lstr7_Relogio_digital_timer0
0x02C3	0x3045      	MOVLW      69
0x02C4	0x00CC      	MOVWF      ?lstr7_Relogio_digital_timer0+1
0x02C5	0x3058      	MOVLW      88
0x02C6	0x00CD      	MOVWF      ?lstr7_Relogio_digital_timer0+2
0x02C7	0x01CE      	CLRF       ?lstr7_Relogio_digital_timer0+3
0x02C8	0x304B      	MOVLW      ?lstr7_Relogio_digital_timer0
0x02C9	0x00D6      	MOVWF      FARG_Lcd_Out_text
0x02CA	0x20B3      	CALL       _Lcd_Out
0x02CB	0x2AF9      	GOTO       L_main28
;Relogio_digital_timer0.c,123 :: 		case 6:Lcd_Out(2,10,"SAB");break;
L_main35:
0x02CC	0x3002      	MOVLW      2
0x02CD	0x00D4      	MOVWF      FARG_Lcd_Out_row
0x02CE	0x300A      	MOVLW      10
0x02CF	0x00D5      	MOVWF      FARG_Lcd_Out_column
0x02D0	0x3053      	MOVLW      83
0x02D1	0x00CF      	MOVWF      ?lstr8_Relogio_digital_timer0
0x02D2	0x3041      	MOVLW      65
0x02D3	0x00D0      	MOVWF      ?lstr8_Relogio_digital_timer0+1
0x02D4	0x3042      	MOVLW      66
0x02D5	0x00D1      	MOVWF      ?lstr8_Relogio_digital_timer0+2
0x02D6	0x01D2      	CLRF       ?lstr8_Relogio_digital_timer0+3
0x02D7	0x304F      	MOVLW      ?lstr8_Relogio_digital_timer0
0x02D8	0x00D6      	MOVWF      FARG_Lcd_Out_text
0x02D9	0x20B3      	CALL       _Lcd_Out
0x02DA	0x2AF9      	GOTO       L_main28
;Relogio_digital_timer0.c,124 :: 		}
L_main27:
0x02DB	0x1283      	BCF        STATUS, 5
0x02DC	0x1303      	BCF        STATUS, 6
0x02DD	0x0831      	MOVF       _dia, 0
0x02DE	0x3A00      	XORLW      0
0x02DF	0x1903      	BTFSC      STATUS, 2
0x02E0	0x2A70      	GOTO       L_main29
0x02E1	0x0831      	MOVF       _dia, 0
0x02E2	0x3A01      	XORLW      1
0x02E3	0x1903      	BTFSC      STATUS, 2
0x02E4	0x2A81      	GOTO       L_main30
0x02E5	0x0831      	MOVF       _dia, 0
0x02E6	0x3A02      	XORLW      2
0x02E7	0x1903      	BTFSC      STATUS, 2
0x02E8	0x2A90      	GOTO       L_main31
0x02E9	0x0831      	MOVF       _dia, 0
0x02EA	0x3A03      	XORLW      3
0x02EB	0x1903      	BTFSC      STATUS, 2
0x02EC	0x2A9F      	GOTO       L_main32
0x02ED	0x0831      	MOVF       _dia, 0
0x02EE	0x3A04      	XORLW      4
0x02EF	0x1903      	BTFSC      STATUS, 2
0x02F0	0x2AAE      	GOTO       L_main33
0x02F1	0x0831      	MOVF       _dia, 0
0x02F2	0x3A05      	XORLW      5
0x02F3	0x1903      	BTFSC      STATUS, 2
0x02F4	0x2ABD      	GOTO       L_main34
0x02F5	0x0831      	MOVF       _dia, 0
0x02F6	0x3A06      	XORLW      6
0x02F7	0x1903      	BTFSC      STATUS, 2
0x02F8	0x2ACC      	GOTO       L_main35
L_main28:
;Relogio_digital_timer0.c,126 :: 		}
0x02F9	0x29BF      	GOTO       L_main5
;Relogio_digital_timer0.c,127 :: 		}
L_end_main:
0x02FA	0x2AFA      	GOTO       $+0
; end of _main
Symbol List:
//** Routines locations **
//ADDRESS    SIZE    PROCEDURE
//----------------------------------------------
0x0004      [61]    _interrupt
0x0041       [7]    _Delay_50us
0x0048       [3]    _Delay_1us
0x004B      [13]    _Delay_5500us
0x0058      [64]    _Lcd_Cmd
0x0098       [8]    _Lcd_Chr_CP
0x00A0       [7]    _____DoICP
0x00A7      [12]    _EEPROM_Read
0x00B3      [64]    _Lcd_Out
0x00F3      [17]    _Div_8x8_U
0x0104      [33]    _EEPROM_Write
0x0125      [12]    ___CC2DW
0x0131      [78]    _Lcd_Init
0x017F     [380]    _main
//** Variables locations ** 
//ADDRESS    SIZE    VARIABLE
//----------------------------------------------
0x0000       [1]    INDF
0x0001       [1]    TMR0
0x0002       [1]    PCL
0x0003       [1]    STATUS
0x0004       [1]    FSR
0x0006       [0]    LCD_D4
0x0006       [0]    LCD_EN
0x0006       [0]    LCD_D7
0x0006       [0]    LCD_D6
0x0006       [0]    LCD_D5
0x0006       [0]    LCD_RS
0x0007       [1]    PORTC
0x000A       [1]    PCLATH
0x000B       [1]    INTCON
0x0021       [1]    _text
0x0022       [1]    _flags
0x0023       [9]    ?lstr1_Relogio_digital_timer0
0x002C       [2]    ___DoICPAddr
0x002E       [2]    _cnt
0x0030       [0]    __Lib_Lcd_cmd_status
0x0031       [1]    _dia
0x0032       [1]    _seg
0x0033       [1]    _m
0x0034       [1]    _h
0x0035       [1]    ___savePCLATH
0x0036       [1]    ___saveSTATUS
0x0037       [4]    ?lstr2_Relogio_digital_timer0
0x003B       [4]    ?lstr3_Relogio_digital_timer0
0x003F       [4]    ?lstr4_Relogio_digital_timer0
0x0043       [4]    ?lstr5_Relogio_digital_timer0
0x0047       [4]    ?lstr6_Relogio_digital_timer0
0x004B       [4]    ?lstr7_Relogio_digital_timer0
0x004F       [4]    ?lstr8_Relogio_digital_timer0
0x0053       [1]    FLOC__main
0x0054       [1]    FARG_EEPROM_Write_Address
0x0054       [1]    FARG_Lcd_Out_row
0x0054       [1]    FARG_EEPROM_Read_Address
0x0055       [1]    FARG_Lcd_Out_column
0x0055       [1]    FARG_EEPROM_Write_data_
0x0056       [1]    FARG_Lcd_Out_text
0x0057       [1]    Lcd_Out_i_L0
0x0058       [1]    FARG_Lcd_Chr_CP_out_char
0x0059       [1]    FARG_Lcd_Cmd_out_char
0x0070       [1]    R0
0x0071       [1]    R1
0x0072       [1]    R2
0x0073       [1]    R3
0x0074       [1]    R4
0x0075       [1]    R5
0x0076       [1]    R6
0x0077       [1]    R7
0x0078       [1]    R8
0x0079       [1]    R9
0x007A       [1]    R10
0x007B       [1]    R11
0x007C       [1]    R12
0x007D       [1]    R13
0x007E       [1]    R14
0x007F       [1]    R15
0x0081       [1]    OPTION_REG
0x0086       [0]    LCD_D5_Direction
0x0086       [0]    LCD_D4_Direction
0x0086       [0]    LCD_D6_Direction
0x0086       [0]    LCD_D7_Direction
0x0086       [0]    LCD_RS_Direction
0x0086       [0]    LCD_EN_Direction
0x0087       [1]    TRISC
0x0088       [1]    TRISD
0x010C       [1]    EEDATA
0x010D       [1]    EEADR
0x018C       [1]    EECON1
0x018D       [1]    EECON2
//** Label List: ** 
//----------------------------------------------
  L_interrupt0
  L_interrupt1
  L_interrupt2
  L_interrupt3
  L_interrupt4
  L_main5
  L_main6
  L_main7
  L_main8
  L_main9
  L_main10
  L_main11
  L_main12
  L_main13
  L_main14
  L_main15
  L_main16
  L_main17
  L_main18
  L_main19
  L_main20
  L_main21
  L_main22
  L_main23
  L_main24
  L_main25
  L_main26
  L_main27
  L_main28
  L_main29
  L_main30
  L_main31
  L_main32
  L_main33
  L_main34
  L_main35
  L__main36
  L__main37
  L__main38
  L__main39
  L_end_interrupt
  _interrupt
  L__interrupt41
  L__interrupt42
  L_end_main
  _main
  L_Delay_10us0
  L_Delay_22us1
  L_Delay_50us2
  L_Delay_80us3
  L_Delay_500us4
  L_Delay_5500us5
  L_Delay_1ms6
  L_Delay_5ms7
  L_Delay_8ms8
  L_Delay_10ms9
  L_Delay_100ms10
  L_Delay_1sec11
  L_boot16_Delay_5ms12
  L_Delay_Cyc13
  L_Delay_Cyc14
  L_VDelay_ms15
  L_VDelay_ms16
  L_VDelay_ms17
  L_VDelay_Advanced_ms18
  L_VDelay_Advanced_ms19
  L_VDelay_Advanced_ms20
  L_end_Get_Fosc_kHz
  _Get_Fosc_kHz
  L_end_Delay_1us
  _Delay_1us
  L_end_Delay_10us
  _Delay_10us
  L_end_Delay_22us
  _Delay_22us
  L_end_Delay_50us
  _Delay_50us
  L_end_Delay_80us
  _Delay_80us
  L_end_Delay_500us
  _Delay_500us
  L_end_Delay_5500us
  _Delay_5500us
  L_end_Delay_1ms
  _Delay_1ms
  L_end_Delay_5ms
  _Delay_5ms
  L_end_Delay_8ms
  _Delay_8ms
  L_end_Delay_10ms
  _Delay_10ms
  L_end_Delay_100ms
  _Delay_100ms
  L_end_Delay_1sec
  _Delay_1sec
  L_end_boot16_Delay_5ms
  _boot16_Delay_5ms
  L_end_Delay_Cyc
  _Delay_Cyc
  L_end_VDelay_ms
  _VDelay_ms
  L__VDelay_ms38
  L__VDelay_ms39
  L__VDelay_ms40
  L_end_VDelay_Advanced_ms
  _VDelay_Advanced_ms
  L__VDelay_Advanced_ms42
  L__VDelay_Advanced_ms43
  L__VDelay_Advanced_ms44
  L_EEPROM_Write0
  L_EEPROM_Write1
  L_end_EEPROM_Read
  _EEPROM_Read
  L_end_EEPROM_Write
  _EEPROM_Write
  L__EEPROM_Write4
  L__EEPROM_Write5
  L_Lcd_Cmd0
  L_Lcd_Cmd1
  L_Lcd_Out_CP2
  L_Lcd_Out_CP3
  L_Lcd_Chr4
  L_Lcd_Chr5
  L_Lcd_Chr6
  L_Lcd_Chr7
  L_Lcd_Chr8
  L_Lcd_Chr9
  L_Lcd_Chr10
  L_Lcd_Out11
  L_Lcd_Out12
  L_Lcd_Out13
  L_Lcd_Out14
  L_Lcd_Out15
  L_Lcd_Out16
  L_Lcd_Out17
  L_Lcd_Out18
  L_Lcd_Out19
  L_end_Lcd_Cmd
  _Lcd_Cmd
  L__Lcd_Cmd21
  L__Lcd_Cmd22
  L__Lcd_Cmd23
  L__Lcd_Cmd24
  L__Lcd_Cmd25
  L__Lcd_Cmd26
  L__Lcd_Cmd27
  L__Lcd_Cmd28
  L__Lcd_Cmd29
  L__Lcd_Cmd30
  L__Lcd_Cmd31
  L__Lcd_Cmd32
  L__Lcd_Cmd33
  L__Lcd_Cmd34
  L__Lcd_Cmd35
  L__Lcd_Cmd36
  L__Lcd_Cmd37
  L__Lcd_Cmd38
  L__Lcd_Cmd39
  L__Lcd_Cmd40
  L_end_Lcd_Chr_CP
  _Lcd_Chr_CP
  L_end_Lcd_Out_CP
  _Lcd_Out_CP
  L_end_Lcd_Chr
  _Lcd_Chr
  L_end_Lcd_Init
  _Lcd_Init
  L_end_Lcd_Out
  _Lcd_Out
  L_Div_16x16_S0
  L_Div_16x16_S1
  LOOPS3232A
  SADD22LA
  SOK22LA
  SADD22L8
  SOK22L8
  LOOPS3232B
  SADD22LB
  SOK22LB
  SADD22L16
  SOK22L16
  LOOPS3232C
  SADD22LC
  SOK22LC
  SADD22L24
  SOK22L24
  LOOPS3232D
  SADD22LD
  SOK22LD
  SOK22L
  L_Div_32x32_S6
  L_Div_32x32_S7
  L_Div_32x32_S8
  L_Div_32x32_S9
  FXD3232S
  END_ALL
  CA3232S
  C3232SX
  C3232SX1
  C3232S
  C3232S2
  C3232SX4
  C3232SOK
  C3232SX3
  C3232SX2
  avoid_comfrem
  LOOPU3232A
  UADD22LA
  UOK22LA
  UADD22L8
  UOK22L8
  LOOPU3232B
  UADD22LB
  UOK22LB
  UADD22L16
  UOK22L16
  LOOPU3232C
  UADD22LC
  UOK22LC
  UADD22L24
  UOK22L24
  LOOPU3232D
  UADD22LD
  UOK22LD
  UOK22L
  _NEXT
  _EXIT2
  _LOOP
  _EXIT1
  _IF_FIRST
  _IF_SECOND
  _INVERCE_FIRST
  _MULT
  _INBERSE_SECOND
  _EXIT
  L_end_Mul_8x8_U
  _Mul_8x8_U
  L_end_Mul_16x16_U
  _Mul_16x16_U
  L_end_Div_8x8_U
  _Div_8x8_U
  L_end_Div_16x16_U
  _Div_16x16_U
  L_end_Mul_8x8_S
  _Mul_8x8_S
  L_end_Mul_16x16_S
  _Mul_16x16_S
  L_end_Div_16x16_S_L
  _Div_16x16_S_L
  L_end_Div_16x16_S
  _Div_16x16_S
  L_end_Div_8x8_S
  _Div_8x8_S
  L_end_SDIV3232L
  _SDIV3232L
  L_end_COMFREM
  _COMFREM
  L_end_Div_32x32_S
  _Div_32x32_S
  L_end_Div_32x32_U
  _Div_32x32_U
  L_end_Mul_32x32_U
  _Mul_32x32_U
  L_end_Mul_32x32_S
  _Mul_32x32_S
  L_loopCA2AWs
  L_CA2AWend
  _CCA2AW_Loop1
  L_loopCS2Ss
  L_CS2Send
  _CCS2S_Loop1
  L_CCS2Send
  L_loopFZinSWs
  L_FZinSend
  _CC2D_Loop1
  L_end_____DoICP
  _____DoICP
  L_end_____DoIFC
  _____DoIFC
  L_end___CA2AW
  ___CA2AW
  L_end___CCA2AW
  ___CCA2AW
  L_end___CS2S
  ___CS2S
  L_end___CCS2S
  ___CCS2S
  L_end___FZinS
  ___FZinS
  L_end___CC2DW
  ___CC2DW
  L_end_Swap
  _Swap
  L_interrupt0
  L_interrupt1
  L_interrupt2
  L_interrupt3
  L_interrupt4
  L_main5
  L_main6
  L_main7
  L_main8
  L_main9
  L_main10
  L_main11
  L_main12
  L_main13
  L_main14
  L_main15
  L_main16
  L_main17
  L_main18
  L_main19
  L_main20
  L_main21
  L_main22
  L_main23
  L_main24
  L_main25
  L_main26
  L_main27
  L_main28
  L_main29
  L_main30
  L_main31
  L_main32
  L_main33
  L_main34
  L_main35
  L__main36
  L__main37
  L__main38
  L__main39
  L_end_interrupt
  _interrupt
  L__interrupt41
  L__interrupt42
  L_end_main
  _main
